[2020-09-17 10:21:19,521] INFO [ControllerEventThread controllerId=0] Starting (kafka.controller.ControllerEventManager$ControllerEventThread)
[2020-09-17 10:21:19,546] INFO [Controller id=0] 0 successfully elected as the controller. Epoch incremented to 1 and epoch zk version is now 1 (kafka.controller.KafkaController)
[2020-09-17 10:21:19,546] INFO [Controller id=0] Registering handlers (kafka.controller.KafkaController)
[2020-09-17 10:21:19,549] INFO [Controller id=0] Deleting log dir event notifications (kafka.controller.KafkaController)
[2020-09-17 10:21:19,552] INFO [Controller id=0] Deleting isr change notifications (kafka.controller.KafkaController)
[2020-09-17 10:21:19,555] INFO [Controller id=0] Initializing controller context (kafka.controller.KafkaController)
[2020-09-17 10:21:19,584] INFO [Controller id=0] Initialized broker epochs cache: Map(0 -> 24) (kafka.controller.KafkaController)
[2020-09-17 10:21:19,588] DEBUG [Controller id=0] Register BrokerModifications handler for Set(0) (kafka.controller.KafkaController)
[2020-09-17 10:21:19,595] DEBUG [Channel manager on controller 0]: Controller 0 trying to connect to broker 0 (kafka.controller.ControllerChannelManager)
[2020-09-17 10:21:19,601] INFO [Controller id=0] Currently active brokers in the cluster: Set(0) (kafka.controller.KafkaController)
[2020-09-17 10:21:19,601] INFO [RequestSendThread controllerId=0] Starting (kafka.controller.RequestSendThread)
[2020-09-17 10:21:19,601] INFO [Controller id=0] Currently shutting brokers in the cluster: Set() (kafka.controller.KafkaController)
[2020-09-17 10:21:19,601] INFO [Controller id=0] Current list of topics in the cluster: Set() (kafka.controller.KafkaController)
[2020-09-17 10:21:19,601] INFO [Controller id=0] Fetching topic deletions in progress (kafka.controller.KafkaController)
[2020-09-17 10:21:19,603] INFO [Controller id=0] List of topics to be deleted:  (kafka.controller.KafkaController)
[2020-09-17 10:21:19,603] INFO [Controller id=0] List of topics ineligible for deletion:  (kafka.controller.KafkaController)
[2020-09-17 10:21:19,604] INFO [Controller id=0] Initializing topic deletion manager (kafka.controller.KafkaController)
[2020-09-17 10:21:19,604] INFO [Topic Deletion Manager 0] Initializing manager with initial deletions: Set(), initial ineligible deletions: Set() (kafka.controller.TopicDeletionManager)
[2020-09-17 10:21:19,604] INFO [Controller id=0] Sending update metadata request (kafka.controller.KafkaController)
[2020-09-17 10:21:19,612] INFO [ReplicaStateMachine controllerId=0] Initializing replica state (kafka.controller.ZkReplicaStateMachine)
[2020-09-17 10:21:19,612] INFO [ReplicaStateMachine controllerId=0] Triggering online replica state changes (kafka.controller.ZkReplicaStateMachine)
[2020-09-17 10:21:19,615] INFO [ReplicaStateMachine controllerId=0] Triggering offline replica state changes (kafka.controller.ZkReplicaStateMachine)
[2020-09-17 10:21:19,616] DEBUG [ReplicaStateMachine controllerId=0] Started replica state machine with initial state -> Map() (kafka.controller.ZkReplicaStateMachine)
[2020-09-17 10:21:19,616] INFO [PartitionStateMachine controllerId=0] Initializing partition state (kafka.controller.ZkPartitionStateMachine)
[2020-09-17 10:21:19,616] INFO [PartitionStateMachine controllerId=0] Triggering online partition state changes (kafka.controller.ZkPartitionStateMachine)
[2020-09-17 10:21:19,618] INFO [RequestSendThread controllerId=0] Controller 0 connected to DESKTOP-MUK6SM0:9092 (id: 0 rack: null) for sending state change requests (kafka.controller.RequestSendThread)
[2020-09-17 10:21:19,619] DEBUG [PartitionStateMachine controllerId=0] Started partition state machine with initial state -> Map() (kafka.controller.ZkPartitionStateMachine)
[2020-09-17 10:21:19,620] INFO [Controller id=0] Ready to serve as the new controller with epoch 1 (kafka.controller.KafkaController)
[2020-09-17 10:21:19,632] INFO [Controller id=0] Partitions undergoing preferred replica election:  (kafka.controller.KafkaController)
[2020-09-17 10:21:19,632] INFO [Controller id=0] Partitions that completed preferred replica election:  (kafka.controller.KafkaController)
[2020-09-17 10:21:19,633] INFO [Controller id=0] Skipping preferred replica election for partitions due to topic deletion:  (kafka.controller.KafkaController)
[2020-09-17 10:21:19,633] INFO [Controller id=0] Resuming preferred replica election for partitions:  (kafka.controller.KafkaController)
[2020-09-17 10:21:19,635] INFO [Controller id=0] Starting replica leader election (PREFERRED) for partitions  triggered by ZkTriggered (kafka.controller.KafkaController)
[2020-09-17 10:21:19,656] INFO [Controller id=0] Starting the controller scheduler (kafka.controller.KafkaController)
[2020-09-17 10:21:24,660] INFO [Controller id=0] Processing automatic preferred replica leader election (kafka.controller.KafkaController)
[2020-09-17 10:21:24,661] TRACE [Controller id=0] Checking need to trigger auto leader balancing (kafka.controller.KafkaController)
